# JRE version: Java(TM) SE Runtime Environment (8.0_20-b26) (build 1.8.0_20-b26)
# Java VM: Java HotSpot(TM) 64-Bit Server VM (25.20-b23 mixed mode windows-amd64 compressed oops)
Heap:
 PSYoungGen      total 181760K, used 8604K [0x00000000d5b80000, 0x00000000e4000000, 0x0000000100000000)
  eden space 175104K, 4% used [0x00000000d5b80000,0x00000000d63b71c0,0x00000000e0680000)
  from space 6656K, 2% used [0x00000000e0680000,0x00000000e06b0000,0x00000000e0d00000)
  to   space 6656K, 0% used [0x00000000e3980000,0x00000000e3980000,0x00000000e4000000)
 ParOldGen       total 63488K, used 7066K [0x0000000081200000, 0x0000000085000000, 0x00000000d5b80000)
  object space 63488K, 11% used [0x0000000081200000,0x00000000818e6ba0,0x0000000085000000)
 Metaspace       used 24263K, capacity 24620K, committed 24832K, reserved 1069056K
  class space    used 4255K, capacity 4351K, committed 4352K, reserved 1048576K
GC Heap History (10 events):
Event: 4.366 GC heap before
{Heap before GC invocations=10 (full 1):
 PSYoungGen      total 112128K, used 105200K [0x00000000d5b80000, 0x00000000dd200000, 0x0000000100000000)
  eden space 104448K, 100% used [0x00000000d5b80000,0x00000000dc180000,0x00000000dc180000)
  from space 7680K, 9% used [0x00000000dc900000,0x00000000dc9bc030,0x00000000dd080000)
  to   space 7680K, 0% used [0x00000000dc180000,0x00000000dc180000,0x00000000dc900000)
 ParOldGen       total 63488K, used 6274K [0x0000000081200000, 0x0000000085000000, 0x00000000d5b80000)
  object space 63488K, 9% used [0x0000000081200000,0x0000000081820b70,0x0000000085000000)
 Metaspace       used 23918K, capacity 24292K, committed 24320K, reserved 1069056K
  class space    used 4232K, capacity 4351K, committed 4352K, reserved 1048576K
Event: 4.371 GC heap after
Heap after GC invocations=10 (full 1):
 PSYoungGen      total 112128K, used 160K [0x00000000d5b80000, 0x00000000df280000, 0x0000000100000000)
  eden space 104448K, 0% used [0x00000000d5b80000,0x00000000d5b80000,0x00000000dc180000)
  from space 7680K, 2% used [0x00000000dc180000,0x00000000dc1a8000,0x00000000dc900000)
  to   space 7168K, 0% used [0x00000000deb80000,0x00000000deb80000,0x00000000df280000)
 ParOldGen       total 63488K, used 6938K [0x0000000081200000, 0x0000000085000000, 0x00000000d5b80000)
  object space 63488K, 10% used [0x0000000081200000,0x00000000818c6b90,0x0000000085000000)
 Metaspace       used 23918K, capacity 24292K, committed 24320K, reserved 1069056K
  class space    used 4232K, capacity 4351K, committed 4352K, reserved 1048576K
}
Event: 4.529 GC heap before
{Heap before GC invocations=11 (full 1):
 PSYoungGen      total 112128K, used 104608K [0x00000000d5b80000, 0x00000000df280000, 0x0000000100000000)
  eden space 104448K, 100% used [0x00000000d5b80000,0x00000000dc180000,0x00000000dc180000)
  from space 7680K, 2% used [0x00000000dc180000,0x00000000dc1a8000,0x00000000dc900000)
  to   space 7168K, 0% used [0x00000000deb80000,0x00000000deb80000,0x00000000df280000)
 ParOldGen       total 63488K, used 6938K [0x0000000081200000, 0x0000000085000000, 0x00000000d5b80000)
  object space 63488K, 10% used [0x0000000081200000,0x00000000818c6b90,0x0000000085000000)
 Metaspace       used 23918K, capacity 24292K, committed 24320K, reserved 1069056K
  class space    used 4232K, capacity 4351K, committed 4352K, reserved 1048576K
Event: 4.531 GC heap after
Heap after GC invocations=11 (full 1):
 PSYoungGen      total 143360K, used 96K [0x00000000d5b80000, 0x00000000df080000, 0x0000000100000000)
  eden space 138240K, 0% used [0x00000000d5b80000,0x00000000d5b80000,0x00000000de280000)
  from space 5120K, 1% used [0x00000000deb80000,0x00000000deb98000,0x00000000df080000)
  to   space 7168K, 0% used [0x00000000de280000,0x00000000de280000,0x00000000de980000)
 ParOldGen       total 63488K, used 7010K [0x0000000081200000, 0x0000000085000000, 0x00000000d5b80000)
  object space 63488K, 11% used [0x0000000081200000,0x00000000818d8ba0,0x0000000085000000)
 Metaspace       used 23918K, capacity 24292K, committed 24320K, reserved 1069056K
  class space    used 4232K, capacity 4351K, committed 4352K, reserved 1048576K
}
Event: 4.855 GC heap before
{Heap before GC invocations=12 (full 1):
 PSYoungGen      total 143360K, used 138336K [0x00000000d5b80000, 0x00000000df080000, 0x0000000100000000)
  eden space 138240K, 100% used [0x00000000d5b80000,0x00000000de280000,0x00000000de280000)
  from space 5120K, 1% used [0x00000000deb80000,0x00000000deb98000,0x00000000df080000)
  to   space 7168K, 0% used [0x00000000de280000,0x00000000de280000,0x00000000de980000)
 ParOldGen       total 63488K, used 7010K [0x0000000081200000, 0x0000000085000000, 0x00000000d5b80000)
  object space 63488K, 11% used [0x0000000081200000,0x00000000818d8ba0,0x0000000085000000)
 Metaspace       used 23933K, capacity 24356K, committed 24576K, reserved 1069056K
  class space    used 4232K, capacity 4351K, committed 4352K, reserved 1048576K
Event: 4.857 GC heap after
Heap after GC invocations=12 (full 1):
 PSYoungGen      total 145408K, used 64K [0x00000000d5b80000, 0x00000000e1800000, 0x0000000100000000)
  eden space 138240K, 0% used [0x00000000d5b80000,0x00000000d5b80000,0x00000000de280000)
  from space 7168K, 0% used [0x00000000de280000,0x00000000de290000,0x00000000de980000)
  to   space 7168K, 0% used [0x00000000e1100000,0x00000000e1100000,0x00000000e1800000)
 ParOldGen       total 63488K, used 7034K [0x0000000081200000, 0x0000000085000000, 0x00000000d5b80000)
  object space 63488K, 11% used [0x0000000081200000,0x00000000818deba0,0x0000000085000000)
 Metaspace       used 23933K, capacity 24356K, committed 24576K, reserved 1069056K
  class space    used 4232K, capacity 4351K, committed 4352K, reserved 1048576K
}
Event: 5.079 GC heap before
{Heap before GC invocations=13 (full 1):
 PSYoungGen      total 145408K, used 138304K [0x00000000d5b80000, 0x00000000e1800000, 0x0000000100000000)
  eden space 138240K, 100% used [0x00000000d5b80000,0x00000000de280000,0x00000000de280000)
  from space 7168K, 0% used [0x00000000de280000,0x00000000de290000,0x00000000de980000)
  to   space 7168K, 0% used [0x00000000e1100000,0x00000000e1100000,0x00000000e1800000)
 ParOldGen       total 63488K, used 7034K [0x0000000081200000, 0x0000000085000000, 0x00000000d5b80000)
  object space 63488K, 11% used [0x0000000081200000,0x00000000818deba0,0x0000000085000000)
 Metaspace       used 23969K, capacity 24356K, committed 24576K, reserved 1069056K
  class space    used 4232K, capacity 4351K, committed 4352K, reserved 1048576K
Event: 5.080 GC heap after
Heap after GC invocations=13 (full 1):
 PSYoungGen      total 177664K, used 96K [0x00000000d5b80000, 0x00000000e1380000, 0x0000000100000000)
  eden space 175104K, 0% used [0x00000000d5b80000,0x00000000d5b80000,0x00000000e0680000)
  from space 2560K, 3% used [0x00000000e1100000,0x00000000e1118000,0x00000000e1380000)
  to   space 6656K, 0% used [0x00000000e0680000,0x00000000e0680000,0x00000000e0d00000)
 ParOldGen       total 63488K, used 7058K [0x0000000081200000, 0x0000000085000000, 0x00000000d5b80000)
  object space 63488K, 11% used [0x0000000081200000,0x00000000818e4ba0,0x0000000085000000)
 Metaspace       used 23969K, capacity 24356K, committed 24576K, reserved 1069056K
  class space    used 4232K, capacity 4351K, committed 4352K, reserved 1048576K
}
Event: 5.454 GC heap before
{Heap before GC invocations=14 (full 1):
 PSYoungGen      total 177664K, used 175200K [0x00000000d5b80000, 0x00000000e1380000, 0x0000000100000000)
  eden space 175104K, 100% used [0x00000000d5b80000,0x00000000e0680000,0x00000000e0680000)
  from space 2560K, 3% used [0x00000000e1100000,0x00000000e1118000,0x00000000e1380000)
  to   space 6656K, 0% used [0x00000000e0680000,0x00000000e0680000,0x00000000e0d00000)
 ParOldGen       total 63488K, used 7058K [0x0000000081200000, 0x0000000085000000, 0x00000000d5b80000)
  object space 63488K, 11% used [0x0000000081200000,0x00000000818e4ba0,0x0000000085000000)
 Metaspace       used 24088K, capacity 24492K, committed 24576K, reserved 1069056K
  class space    used 4232K, capacity 4351K, committed 4352K, reserved 1048576K
Event: 5.457 GC heap after
Heap after GC invocations=14 (full 1):
 PSYoungGen      total 181760K, used 192K [0x00000000d5b80000, 0x00000000e4000000, 0x0000000100000000)
  eden space 175104K, 0% used [0x00000000d5b80000,0x00000000d5b80000,0x00000000e0680000)
  from space 6656K, 2% used [0x00000000e0680000,0x00000000e06b0000,0x00000000e0d00000)
  to   space 6656K, 0% used [0x00000000e3980000,0x00000000e3980000,0x00000000e4000000)
 ParOldGen       total 63488K, used 7066K [0x0000000081200000, 0x0000000085000000, 0x00000000d5b80000)
  object space 63488K, 11% used [0x0000000081200000,0x00000000818e6ba0,0x0000000085000000)
 Metaspace       used 24088K, capacity 24492K, committed 24576K, reserved 1069056K
  class space    used 4232K, capacity 4351K, committed 4352K, reserved 1048576K
}

